d:\cpp\helloworld\helloworld\x64\debug\vc142.pdb
d:\cpp\helloworld\helloworld\x64\debug\vc142.idb
d:\cpp\helloworld\helloworld\x64\debug\main.obj
d:\cpp\helloworld\helloworld\x64\debug\log.obj
d:\cpp\helloworld\helloworld\x64\debug\helloworld.ilk
d:\cpp\helloworld\x64\debug\helloworld.exe
d:\cpp\helloworld\x64\debug\helloworld.pdb
d:\origincode\c-code\helloworld\helloworld\x64\debug\log.obj
d:\origincode\c-code\helloworld\helloworld\x64\debug\main.obj
d:\origincode\c-code\helloworld\helloworld\x64\debug\helloworld.ilk
d:\origincode\c-code\helloworld\helloworld\x64\debug\vc142.idb
d:\origincode\c-code\helloworld\helloworld\x64\debug\vc142.pdb
d:\origincode\c-code\helloworld\x64\debug\helloworld.pdb
d:\origincode\c-code\helloworld\x64\debug\helloworld.exe
d:\origincode\c-code\helloworld\helloworld\x64\debug\helloworld.tlog\cl.command.1.tlog
d:\origincode\c-code\helloworld\helloworld\x64\debug\helloworld.tlog\cl.read.1.tlog
d:\origincode\c-code\helloworld\helloworld\x64\debug\helloworld.tlog\cl.write.1.tlog
d:\origincode\c-code\helloworld\helloworld\x64\debug\helloworld.tlog\link.command.1.tlog
d:\origincode\c-code\helloworld\helloworld\x64\debug\helloworld.tlog\link.read.1.tlog
d:\origincode\c-code\helloworld\helloworld\x64\debug\helloworld.tlog\link.write.1.tlog
